<?xml version="1.0" encoding="UTF-8"?>
<!-- Generated by org.testng.reporters.JUnitReportReporter -->
<testsuite hostname="DESKTOP-8PT0GQC" failures="0" tests="5" name="org.dataProvider.ParallelExecution" time="0.031" errors="0" timestamp="2023-08-30T20:06:42 IST" skipped="0">
  <testcase classname="org.dataProvider.ParallelExecution" name="tc01" time="0.015"/>
  <testcase classname="org.dataProvider.ParallelExecution" name="tc03" time="0.003"/>
  <testcase classname="org.dataProvider.ParallelExecution" name="tc04" time="0.008"/>
  <testcase classname="org.dataProvider.ParallelExecution" name="tc05" time="0.002"/>
  <testcase classname="org.dataProvider.ParallelExecution" name="tc02" time="0.003"/>
</testsuite> <!-- org.dataProvider.ParallelExecution -->
