<?xml version="1.0" encoding="UTF-8"?>
<!-- Generated by org.testng.reporters.JUnitReportReporter -->
<testsuite hostname="DESKTOP-8PT0GQC" failures="0" tests="5" name="org.dataProvider.DataProvider" time="38.732" errors="0" timestamp="2023-08-30T18:35:33 IST" skipped="0">
  <testcase classname="org.dataProvider.DataProvider" name="tc01" time="22.704"/>
  <testcase classname="org.dataProvider.DataProvider" name="tc03" time="0.067"/>
  <testcase classname="org.dataProvider.DataProvider" name="tc01" time="5.221"/>
  <testcase classname="org.dataProvider.DataProvider" name="tc01" time="5.018"/>
  <testcase classname="org.dataProvider.DataProvider" name="tc01" time="5.722"/>
</testsuite> <!-- org.dataProvider.DataProvider -->
